<?xml version="1.0" encoding="UTF-8"?>
<!-- Generated by org.testng.reporters.JUnitReportReporter -->
<testsuite hostname="vm-lab76-5-439.asia-south1-b.c.niit-stackroute-2.internal" failures="0" tests="1" name="capstone.Corporatecoverage" time="20.326" errors="0" timestamp="2025-02-11T16:18:34 IST" skipped="0">
  <testcase classname="capstone.Corporatecoverage" name="automateAckoWebsite" time="20.326"/>
</testsuite> <!-- capstone.Corporatecoverage -->
