<?xml version="1.0" encoding="UTF-8"?>
<!-- Generated by org.testng.reporters.JUnitReportReporter -->
<testsuite hostname="vm-lab76-5-439.asia-south1-b.c.niit-stackroute-2.internal" failures="0" tests="1" name="apitesting.PostRequest" time="1.567" errors="0" timestamp="2025-02-11T15:03:00 IST" skipped="0">
  <testcase classname="apitesting.PostRequest" name="testCreateUser" time="1.567"/>
</testsuite> <!-- apitesting.PostRequest -->
